Using pre-set license
Built from '2020.3/staging' branch; Version is '2020.3.26f1 (7298b473bc1a) revision 7510196'; Using compiler version '192528614'; Build Type 'Release'
OS: 'Windows 11  (10.0.22000) 64bit CoreSingleLanguage' Language: 'es' Physical Memory: 16076 MB
BatchMode: 1, IsHumanControllingUs: 0, StartBugReporterOnCrash: 0, Is64bit: 1, IsPro: 0

COMMAND LINE ARGUMENTS:
C:\Program Files\Unity\Hub\Editor\2020.3.26f1\Editor\Unity.exe
-adb2
-batchMode
-noUpm
-name
AssetImportWorker0
-projectPath
C:/Felipe/EducaHuila/EducaHuila/EDUCAHUILA_MENU
-logFile
Logs/AssetImportWorker0.log
-srvPort
54945
Successfully changed project path to: C:/Felipe/EducaHuila/EducaHuila/EDUCAHUILA_MENU
C:/Felipe/EducaHuila/EducaHuila/EDUCAHUILA_MENU
Using Asset Import Pipeline V2.
Refreshing native plugins compatible for Editor in 37.19 ms, found 3 plugins.
Preloading 0 native plugins for Editor in 0.00 ms.
Initialize engine version: 2020.3.26f1 (7298b473bc1a)
[Subsystems] Discovering subsystems at path C:/Program Files/Unity/Hub/Editor/2020.3.26f1/Editor/Data/Resources/UnitySubsystems
[Subsystems] Discovering subsystems at path C:/Felipe/EducaHuila/EducaHuila/EDUCAHUILA_MENU/Assets
GfxDevice: creating device client; threaded=0
Direct3D:
    Version:  Direct3D 11.0 [level 11.1]
    Renderer: NVIDIA GeForce RTX 3050 Ti Laptop GPU (ID=0x2523)
    Vendor:   
    VRAM:     3990 MB
    Driver:   31.0.15.1694
Initialize mono
Mono path[0] = 'C:/Program Files/Unity/Hub/Editor/2020.3.26f1/Editor/Data/Managed'
Mono path[1] = 'C:/Program Files/Unity/Hub/Editor/2020.3.26f1/Editor/Data/MonoBleedingEdge/lib/mono/unityjit'
Mono config path = 'C:/Program Files/Unity/Hub/Editor/2020.3.26f1/Editor/Data/MonoBleedingEdge/etc'
Using monoOptions --debugger-agent=transport=dt_socket,embedding=1,server=y,suspend=n,address=127.0.0.1:56432
Begin MonoManager ReloadAssembly
Registering precompiled unity dll's ...
Register platform support module: C:/Program Files/Unity/Hub/Editor/2020.3.26f1/Editor/Data/PlaybackEngines/MacStandaloneSupport/UnityEditor.OSXStandalone.Extensions.dll
Register platform support module: C:/Program Files/Unity/Hub/Editor/2020.3.26f1/Editor/Data/PlaybackEngines/WindowsStandaloneSupport/UnityEditor.WindowsStandalone.Extensions.dll
Registered in 0.000837 seconds.
Native extension for WindowsStandalone target not found
Native extension for OSXStandalone target not found
Refreshing native plugins compatible for Editor in 26.80 ms, found 3 plugins.
Preloading 0 native plugins for Editor in 0.00 ms.
Mono: successfully reloaded assembly
- Completed reload, in  0.330 seconds
Domain Reload Profiling:
	ReloadAssembly (330ms)
		BeginReloadAssembly (28ms)
			ExecutionOrderSort (0ms)
			DisableScriptedObjects (0ms)
			BackupInstance (0ms)
			ReleaseScriptingObjects (0ms)
			CreateAndSetChildDomain (1ms)
		EndReloadAssembly (262ms)
			LoadAssemblies (27ms)
			RebuildTransferFunctionScriptingTraits (0ms)
			SetupTypeCache (85ms)
			ReleaseScriptCaches (0ms)
			RebuildScriptCaches (17ms)
			SetupLoadedEditorAssemblies (98ms)
				LogAssemblyErrors (0ms)
				InitializePlatformSupportModulesInManaged (3ms)
				SetLoadedEditorAssemblies (0ms)
				RefreshPlugins (27ms)
				BeforeProcessingInitializeOnLoad (9ms)
				ProcessInitializeOnLoadAttributes (42ms)
				ProcessInitializeOnLoadMethodAttributes (16ms)
				AfterProcessingInitializeOnLoad (0ms)
				EditorAssembliesLoaded (0ms)
			ExecutionOrderSort2 (0ms)
			AwakeInstancesAfterBackupRestoration (0ms)
Platform modules already initialized, skipping
Registering precompiled user dll's ...
Registered in 0.002549 seconds.
Begin MonoManager ReloadAssembly
Native extension for WindowsStandalone target not found
Native extension for OSXStandalone target not found
Refreshing native plugins compatible for Editor in 26.08 ms, found 3 plugins.
Preloading 0 native plugins for Editor in 0.00 ms.
Mono: successfully reloaded assembly
- Completed reload, in  0.608 seconds
Domain Reload Profiling:
	ReloadAssembly (608ms)
		BeginReloadAssembly (73ms)
			ExecutionOrderSort (0ms)
			DisableScriptedObjects (2ms)
			BackupInstance (0ms)
			ReleaseScriptingObjects (0ms)
			CreateAndSetChildDomain (11ms)
		EndReloadAssembly (503ms)
			LoadAssemblies (51ms)
			RebuildTransferFunctionScriptingTraits (0ms)
			SetupTypeCache (172ms)
			ReleaseScriptCaches (0ms)
			RebuildScriptCaches (25ms)
			SetupLoadedEditorAssemblies (190ms)
				LogAssemblyErrors (0ms)
				InitializePlatformSupportModulesInManaged (2ms)
				SetLoadedEditorAssemblies (0ms)
				RefreshPlugins (26ms)
				BeforeProcessingInitializeOnLoad (42ms)
				ProcessInitializeOnLoadAttributes (108ms)
				ProcessInitializeOnLoadMethodAttributes (9ms)
				AfterProcessingInitializeOnLoad (2ms)
				EditorAssembliesLoaded (0ms)
			ExecutionOrderSort2 (0ms)
			AwakeInstancesAfterBackupRestoration (3ms)
Platform modules already initialized, skipping
========================================================================
Worker process is ready to serve import requests
Launched and connected shader compiler UnityShaderCompiler.exe after 0.03 seconds
Refreshing native plugins compatible for Editor in 0.37 ms, found 3 plugins.
Preloading 0 native plugins for Editor in 0.00 ms.
Unloading 2216 Unused Serialized files (Serialized files now loaded: 0)
System memory in use before: 96.5 MB.
System memory in use after: 96.6 MB.

Unloading 31 unused Assets to reduce memory usage. Loaded Objects now: 2650.
Total: 2.157700 ms (FindLiveObjects: 0.110100 ms CreateObjectMapping: 0.035200 ms MarkObjects: 1.960000 ms  DeleteObjects: 0.051600 ms)

AssetImportParameters requested are different than current active one (requested -> active):
  custom:framework-win-MediaFoundation: 216162199b28c13a410421893ffa2e32 -> 
  custom:video-decoder-ogg-theora: a1e56fd34408186e4bbccfd4996cb3dc -> 
  custom:container-muxer-webm: aa71ff27fc2769a1b78a27578f13a17b -> 
  custom:container-demuxer-webm: 4f35f7cbe854078d1ac9338744f61a02 -> 
  custom:container-demuxer-ogg: 62fdf1f143b41e24485cea50d1cbac27 -> 
  custom:video-encoder-webm-vp8: eb34c28f22e8b96e1ab97ce403110664 -> 
  custom:video-codec-MediaFoundation-h265: 746d11721c4dcdbdad8f713fa42b33f4 -> 
  custom:video-decoder-webm-vp8: 9c59270c3fd7afecdb556c50c9e8de78 -> 
  custom:audio-decoder-ogg-vorbis: bf7c407c2cedff20999df2af8eb42d56 -> 
  custom:audio-encoder-webm-vorbis: bf7c407c2cedff20999df2af8eb42d56 -> 
========================================================================
Received Import Request.
  path: Assets/Resurces/Scorm/scormdriver
  artifactKey: Guid(3bfd4ff490e7196409d865f5fd1f05ea) Importer(815301076,1909f56bfc062723c751e8b465ee728b)
Start importing Assets/Resurces/Scorm/scormdriver using Guid(3bfd4ff490e7196409d865f5fd1f05ea) Importer(815301076,1909f56bfc062723c751e8b465ee728b)  -> (artifact id: 'e2a890fa0af02a3d4d04e657cc6993af') in 0.006017 seconds 
  Import took 0.008443 seconds .

========================================================================
Received Import Request.
  Time since last request: 3.772718 seconds.
  path: Assets/Resurces/Scorm/adlcp_rootv1p2.xsd
  artifactKey: Guid(d7f15deec423fd446a958f7a593211b9) Importer(815301076,1909f56bfc062723c751e8b465ee728b)
Start importing Assets/Resurces/Scorm/adlcp_rootv1p2.xsd using Guid(d7f15deec423fd446a958f7a593211b9) Importer(815301076,1909f56bfc062723c751e8b465ee728b)  -> (artifact id: '68d137e756b08b05731993761e97d801') in 0.039360 seconds 
  Import took 0.042331 seconds .

========================================================================
Received Import Request.
  Time since last request: 6.837875 seconds.
  path: Assets/Resurces/Scorm/scormcontent
  artifactKey: Guid(2ab8a9880a54883488c6162c43139a28) Importer(815301076,1909f56bfc062723c751e8b465ee728b)
Start importing Assets/Resurces/Scorm/scormcontent using Guid(2ab8a9880a54883488c6162c43139a28) Importer(815301076,1909f56bfc062723c751e8b465ee728b)  -> (artifact id: '90e85b88f61575833076a82c89e87390') in 0.006254 seconds 
  Import took 0.009097 seconds .

========================================================================
Received Import Request.
  Time since last request: 988.369461 seconds.
  path: Assets/Scenes/Menu_Tuto.unity
  artifactKey: Guid(b548b8a4dfd2ad74180eac1e13ab5f4a) Importer(815301076,1909f56bfc062723c751e8b465ee728b)
Start importing Assets/Scenes/Menu_Tuto.unity using Guid(b548b8a4dfd2ad74180eac1e13ab5f4a) Importer(815301076,1909f56bfc062723c751e8b465ee728b)  -> (artifact id: '0d002ebdafd356da4cc3d6d950681f03') in 0.006342 seconds 
  Import took 0.010092 seconds .

========================================================================
Received Prepare
Registering precompiled user dll's ...
Registered in 0.003351 seconds.
Begin MonoManager ReloadAssembly
Native extension for WindowsStandalone target not found
Native extension for OSXStandalone target not found
Refreshing native plugins compatible for Editor in 0.39 ms, found 3 plugins.
Preloading 0 native plugins for Editor in 0.00 ms.
Mono: successfully reloaded assembly
- Completed reload, in  0.712 seconds
Domain Reload Profiling:
	ReloadAssembly (713ms)
		BeginReloadAssembly (141ms)
			ExecutionOrderSort (0ms)
			DisableScriptedObjects (10ms)
			BackupInstance (0ms)
			ReleaseScriptingObjects (0ms)
			CreateAndSetChildDomain (72ms)
		EndReloadAssembly (534ms)
			LoadAssemblies (62ms)
			RebuildTransferFunctionScriptingTraits (0ms)
			SetupTypeCache (191ms)
			ReleaseScriptCaches (1ms)
			RebuildScriptCaches (25ms)
			SetupLoadedEditorAssemblies (190ms)
				LogAssemblyErrors (0ms)
				InitializePlatformSupportModulesInManaged (4ms)
				SetLoadedEditorAssemblies (1ms)
				RefreshPlugins (0ms)
				BeforeProcessingInitializeOnLoad (51ms)
				ProcessInitializeOnLoadAttributes (126ms)
				ProcessInitializeOnLoadMethodAttributes (7ms)
				AfterProcessingInitializeOnLoad (2ms)
				EditorAssembliesLoaded (0ms)
			ExecutionOrderSort2 (0ms)
			AwakeInstancesAfterBackupRestoration (5ms)
Platform modules already initialized, skipping
Switching build target platform(19) subTarget(0) extendedPlatform(0) -> platform(13) subTarget(537395200) extendedPlatform(0)
Refreshing native plugins compatible for Editor in 0.35 ms, found 3 plugins.
Preloading 0 native plugins for Editor in 0.00 ms.
Unloading 2208 Unused Serialized files (Serialized files now loaded: 0)
System memory in use before: 95.9 MB.
System memory in use after: 96.0 MB.

Unloading 20 unused Assets to reduce memory usage. Loaded Objects now: 2652.
Total: 2.129400 ms (FindLiveObjects: 0.095600 ms CreateObjectMapping: 0.034300 ms MarkObjects: 1.978800 ms  DeleteObjects: 0.019800 ms)

AssetImportParameters requested are different than current active one (requested -> active):
  custom:framework-win-MediaFoundation: 216162199b28c13a410421893ffa2e32 -> 
  custom:video-decoder-ogg-theora: a1e56fd34408186e4bbccfd4996cb3dc -> 
  custom:container-muxer-webm: aa71ff27fc2769a1b78a27578f13a17b -> 
  custom:container-demuxer-webm: 4f35f7cbe854078d1ac9338744f61a02 -> 
  custom:container-demuxer-ogg: 62fdf1f143b41e24485cea50d1cbac27 -> 
  custom:video-encoder-webm-vp8: eb34c28f22e8b96e1ab97ce403110664 -> 
  custom:video-codec-MediaFoundation-h265: 746d11721c4dcdbdad8f713fa42b33f4 -> 
  custom:video-decoder-webm-vp8: 9c59270c3fd7afecdb556c50c9e8de78 -> 
  custom:graphics/normal-map-encoding: 01000000000000000000000000000000 -> 02000000000000000000000000000000
  custom:audio-decoder-ogg-vorbis: bf7c407c2cedff20999df2af8eb42d56 -> 
  custom:audio-encoder-webm-vorbis: bf7c407c2cedff20999df2af8eb42d56 -> 
========================================================================
Received Import Request.
  Time since last request: 2340.812263 seconds.
  path: Assets/Resurces/Scene 3
  artifactKey: Guid(aa22b5914718f6b429399d28ccd8e347) Importer(815301076,1909f56bfc062723c751e8b465ee728b)
Start importing Assets/Resurces/Scene 3 using Guid(aa22b5914718f6b429399d28ccd8e347) Importer(815301076,1909f56bfc062723c751e8b465ee728b)  -> (artifact id: 'cb850b6c16d5032cd01a34f252cf9501') in 0.007878 seconds 
  Import took 0.011105 seconds .

========================================================================
Received Import Request.
  Time since last request: 1590.206093 seconds.
  path: Assets/Resurces/Scene 3/Menu_Navegacion/Insignias.png
  artifactKey: Guid(737af79c816195b449ab0c0eab4f8e6c) Importer(815301076,1909f56bfc062723c751e8b465ee728b)
Start importing Assets/Resurces/Scene 3/Menu_Navegacion/Insignias.png using Guid(737af79c816195b449ab0c0eab4f8e6c) Importer(815301076,1909f56bfc062723c751e8b465ee728b)  -> (artifact id: '4526589e837026e40fe67459c202f637') in 0.101588 seconds 
  Import took 0.105130 seconds .

========================================================================
Received Import Request.
  Time since last request: 266.425177 seconds.
  path: Assets/Resurces/Scene 3/Menu_Navegacion/botones/botones/boton-validar-tarea.png
  artifactKey: Guid(77e298805e7dbd3419bbfb6cf883960e) Importer(815301076,1909f56bfc062723c751e8b465ee728b)
Start importing Assets/Resurces/Scene 3/Menu_Navegacion/botones/botones/boton-validar-tarea.png using Guid(77e298805e7dbd3419bbfb6cf883960e) Importer(815301076,1909f56bfc062723c751e8b465ee728b)  -> (artifact id: '16f8676d174bd1ca229e4f583c5afceb') in 0.029312 seconds 
  Import took 0.032789 seconds .

========================================================================
Received Import Request.
  Time since last request: 1.111730 seconds.
  path: Assets/Resurces/Scene 3/Menu_Navegacion/botones/botones/boton-salir-de-la-mision.png
  artifactKey: Guid(e91ebd391f78e894e9ddea0298d95ee1) Importer(815301076,1909f56bfc062723c751e8b465ee728b)
Start importing Assets/Resurces/Scene 3/Menu_Navegacion/botones/botones/boton-salir-de-la-mision.png using Guid(e91ebd391f78e894e9ddea0298d95ee1) Importer(815301076,1909f56bfc062723c751e8b465ee728b)  -> (artifact id: 'b3d9c1e51c3836a7fd1dde7c461eb8a2') in 0.015459 seconds 
  Import took 0.020080 seconds .

========================================================================
Received Import Request.
  Time since last request: 0.441421 seconds.
  path: Assets/Resurces/Scene 3/Menu_Navegacion/botones/botones/boton-salir-de-la-mision (2).png
  artifactKey: Guid(3c2ef847e9cb1cb49acee7c17dc68e02) Importer(815301076,1909f56bfc062723c751e8b465ee728b)
Start importing Assets/Resurces/Scene 3/Menu_Navegacion/botones/botones/boton-salir-de-la-mision (2).png using Guid(3c2ef847e9cb1cb49acee7c17dc68e02) Importer(815301076,1909f56bfc062723c751e8b465ee728b)  -> (artifact id: 'e83c68abb25a78a34ad3e0f70d458696') in 0.025931 seconds 
  Import took 0.029108 seconds .

========================================================================
Received Import Request.
  Time since last request: 133.295306 seconds.
  path: Assets/Resurces/Scene 3/Menu_Navegacion/1x/Mesa de trabajo 23.png
  artifactKey: Guid(5848084f7bec4e04d87b1865b31dc735) Importer(815301076,1909f56bfc062723c751e8b465ee728b)
Start importing Assets/Resurces/Scene 3/Menu_Navegacion/1x/Mesa de trabajo 23.png using Guid(5848084f7bec4e04d87b1865b31dc735) Importer(815301076,1909f56bfc062723c751e8b465ee728b)  -> (artifact id: '30ba66a0120fad6aa1559184fd703741') in 0.044742 seconds 
  Import took 0.047948 seconds .

========================================================================
Received Import Request.
  Time since last request: 1.245258 seconds.
  path: Assets/Resurces/Scene 3/Menu_Navegacion/1x/Mesa de trabajo 30.png
  artifactKey: Guid(c8530bf5a21803d46abec144d7a56c12) Importer(815301076,1909f56bfc062723c751e8b465ee728b)
Start importing Assets/Resurces/Scene 3/Menu_Navegacion/1x/Mesa de trabajo 30.png using Guid(c8530bf5a21803d46abec144d7a56c12) Importer(815301076,1909f56bfc062723c751e8b465ee728b)  -> (artifact id: '8f64331524704a72632ee6c173659ce5') in 0.012348 seconds 
  Import took 0.016862 seconds .

========================================================================
Received Import Request.
  Time since last request: 1.148798 seconds.
  path: Assets/Resurces/Scene 3/Menu_Navegacion/1x/Mesa de trabajo 29.png
  artifactKey: Guid(ab693b25a9b98b848bc69e96e7fa5e09) Importer(815301076,1909f56bfc062723c751e8b465ee728b)
Start importing Assets/Resurces/Scene 3/Menu_Navegacion/1x/Mesa de trabajo 29.png using Guid(ab693b25a9b98b848bc69e96e7fa5e09) Importer(815301076,1909f56bfc062723c751e8b465ee728b)  -> (artifact id: 'fd88bf6c20b534649acba6a28e6efb36') in 0.019367 seconds 
  Import took 0.024091 seconds .

========================================================================
Received Import Request.
  Time since last request: 0.432782 seconds.
  path: Assets/Resurces/Scene 3/Menu_Navegacion/1x/Mesa de trabajo 28.png
  artifactKey: Guid(0143023121f0d674e9523d98f1d3dde6) Importer(815301076,1909f56bfc062723c751e8b465ee728b)
Start importing Assets/Resurces/Scene 3/Menu_Navegacion/1x/Mesa de trabajo 28.png using Guid(0143023121f0d674e9523d98f1d3dde6) Importer(815301076,1909f56bfc062723c751e8b465ee728b)  -> (artifact id: 'ee4f62ce2f085bd35ba7431acbc82b42') in 0.012204 seconds 
  Import took 0.016857 seconds .

========================================================================
Received Import Request.
  Time since last request: 0.776880 seconds.
  path: Assets/Resurces/Scene 3/Menu_Navegacion/1x/Mesa de trabajo 25.png
  artifactKey: Guid(2dd4d521b7d97984c9cec1aa80157a15) Importer(815301076,1909f56bfc062723c751e8b465ee728b)
Start importing Assets/Resurces/Scene 3/Menu_Navegacion/1x/Mesa de trabajo 25.png using Guid(2dd4d521b7d97984c9cec1aa80157a15) Importer(815301076,1909f56bfc062723c751e8b465ee728b)  -> (artifact id: 'd7fb787e2970da22b4385b0e34b21cba') in 0.015523 seconds 
  Import took 0.019089 seconds .

========================================================================
Received Import Request.
  Time since last request: 0.824751 seconds.
  path: Assets/Resurces/Scene 3/Menu_Navegacion/1x/Mesa de trabajo 24.png
  artifactKey: Guid(ec54d22c0cb237844b9ea0352c22e70b) Importer(815301076,1909f56bfc062723c751e8b465ee728b)
Start importing Assets/Resurces/Scene 3/Menu_Navegacion/1x/Mesa de trabajo 24.png using Guid(ec54d22c0cb237844b9ea0352c22e70b) Importer(815301076,1909f56bfc062723c751e8b465ee728b)  -> (artifact id: '76b92195d96e53af6dffc749fe02f118') in 0.025701 seconds 
  Import took 0.028583 seconds .

========================================================================
Received Import Request.
  Time since last request: 91.167244 seconds.
  path: Assets/Resurces/Scene 3/Menu_Navegacion/1x/Mesa de trabajo 26.png
  artifactKey: Guid(8c2cb202852a5a54a9787ed8becb2b49) Importer(815301076,1909f56bfc062723c751e8b465ee728b)
Start importing Assets/Resurces/Scene 3/Menu_Navegacion/1x/Mesa de trabajo 26.png using Guid(8c2cb202852a5a54a9787ed8becb2b49) Importer(815301076,1909f56bfc062723c751e8b465ee728b)  -> (artifact id: 'd976b6636d6269ef3a35746279b024c5') in 0.017228 seconds 
  Import took 0.022925 seconds .

========================================================================
Received Prepare
Registering precompiled user dll's ...
Registered in 0.002323 seconds.
Begin MonoManager ReloadAssembly
Native extension for WindowsStandalone target not found
Native extension for OSXStandalone target not found
Refreshing native plugins compatible for Editor in 0.35 ms, found 3 plugins.
Preloading 0 native plugins for Editor in 0.00 ms.
Mono: successfully reloaded assembly
- Completed reload, in  0.619 seconds
Domain Reload Profiling:
	ReloadAssembly (619ms)
		BeginReloadAssembly (89ms)
			ExecutionOrderSort (0ms)
			DisableScriptedObjects (4ms)
			BackupInstance (0ms)
			ReleaseScriptingObjects (0ms)
			CreateAndSetChildDomain (28ms)
		EndReloadAssembly (492ms)
			LoadAssemblies (55ms)
			RebuildTransferFunctionScriptingTraits (0ms)
			SetupTypeCache (164ms)
			ReleaseScriptCaches (1ms)
			RebuildScriptCaches (23ms)
			SetupLoadedEditorAssemblies (189ms)
				LogAssemblyErrors (0ms)
				InitializePlatformSupportModulesInManaged (3ms)
				SetLoadedEditorAssemblies (1ms)
				RefreshPlugins (0ms)
				BeforeProcessingInitializeOnLoad (51ms)
				ProcessInitializeOnLoadAttributes (125ms)
				ProcessInitializeOnLoadMethodAttributes (7ms)
				AfterProcessingInitializeOnLoad (2ms)
				EditorAssembliesLoaded (0ms)
			ExecutionOrderSort2 (0ms)
			AwakeInstancesAfterBackupRestoration (5ms)
Platform modules already initialized, skipping
Switching build target platform(19) subTarget(0) extendedPlatform(0) -> platform(13) subTarget(537395200) extendedPlatform(0)
Refreshing native plugins compatible for Editor in 0.34 ms, found 3 plugins.
Preloading 0 native plugins for Editor in 0.00 ms.
Unloading 2208 Unused Serialized files (Serialized files now loaded: 0)
System memory in use before: 98.9 MB.
System memory in use after: 99.0 MB.

Unloading 20 unused Assets to reduce memory usage. Loaded Objects now: 2670.
Total: 2.225100 ms (FindLiveObjects: 0.106400 ms CreateObjectMapping: 0.035400 ms MarkObjects: 2.065300 ms  DeleteObjects: 0.017100 ms)

AssetImportParameters requested are different than current active one (requested -> active):
  custom:framework-win-MediaFoundation: 216162199b28c13a410421893ffa2e32 -> 
  custom:video-decoder-ogg-theora: a1e56fd34408186e4bbccfd4996cb3dc -> 
  custom:container-muxer-webm: aa71ff27fc2769a1b78a27578f13a17b -> 
  custom:container-demuxer-webm: 4f35f7cbe854078d1ac9338744f61a02 -> 
  custom:container-demuxer-ogg: 62fdf1f143b41e24485cea50d1cbac27 -> 
  custom:video-encoder-webm-vp8: eb34c28f22e8b96e1ab97ce403110664 -> 
  custom:video-codec-MediaFoundation-h265: 746d11721c4dcdbdad8f713fa42b33f4 -> 
  custom:video-decoder-webm-vp8: 9c59270c3fd7afecdb556c50c9e8de78 -> 
  custom:graphics/normal-map-encoding: 01000000000000000000000000000000 -> 02000000000000000000000000000000
  custom:audio-decoder-ogg-vorbis: bf7c407c2cedff20999df2af8eb42d56 -> 
  custom:audio-encoder-webm-vorbis: bf7c407c2cedff20999df2af8eb42d56 -> 
========================================================================
Received Prepare
Registering precompiled user dll's ...
Registered in 0.002511 seconds.
Begin MonoManager ReloadAssembly
Native extension for WindowsStandalone target not found
Native extension for OSXStandalone target not found
Refreshing native plugins compatible for Editor in 0.34 ms, found 3 plugins.
Preloading 0 native plugins for Editor in 0.00 ms.
Mono: successfully reloaded assembly
- Completed reload, in  0.609 seconds
Domain Reload Profiling:
	ReloadAssembly (609ms)
		BeginReloadAssembly (86ms)
			ExecutionOrderSort (0ms)
			DisableScriptedObjects (4ms)
			BackupInstance (0ms)
			ReleaseScriptingObjects (0ms)
			CreateAndSetChildDomain (24ms)
		EndReloadAssembly (486ms)
			LoadAssemblies (54ms)
			RebuildTransferFunctionScriptingTraits (0ms)
			SetupTypeCache (165ms)
			ReleaseScriptCaches (1ms)
			RebuildScriptCaches (23ms)
			SetupLoadedEditorAssemblies (180ms)
				LogAssemblyErrors (0ms)
				InitializePlatformSupportModulesInManaged (3ms)
				SetLoadedEditorAssemblies (0ms)
				RefreshPlugins (0ms)
				BeforeProcessingInitializeOnLoad (46ms)
				ProcessInitializeOnLoadAttributes (121ms)
				ProcessInitializeOnLoadMethodAttributes (6ms)
				AfterProcessingInitializeOnLoad (2ms)
				EditorAssembliesLoaded (0ms)
			ExecutionOrderSort2 (0ms)
			AwakeInstancesAfterBackupRestoration (5ms)
Platform modules already initialized, skipping
Switching build target platform(19) subTarget(0) extendedPlatform(0) -> platform(13) subTarget(537395200) extendedPlatform(0)
Refreshing native plugins compatible for Editor in 0.37 ms, found 3 plugins.
Preloading 0 native plugins for Editor in 0.00 ms.
Unloading 2208 Unused Serialized files (Serialized files now loaded: 0)
System memory in use before: 99.0 MB.
System memory in use after: 99.1 MB.

Unloading 20 unused Assets to reduce memory usage. Loaded Objects now: 2672.
Total: 2.160200 ms (FindLiveObjects: 0.113700 ms CreateObjectMapping: 0.033900 ms MarkObjects: 1.994300 ms  DeleteObjects: 0.017400 ms)

AssetImportParameters requested are different than current active one (requested -> active):
  custom:framework-win-MediaFoundation: 216162199b28c13a410421893ffa2e32 -> 
  custom:video-decoder-ogg-theora: a1e56fd34408186e4bbccfd4996cb3dc -> 
  custom:container-muxer-webm: aa71ff27fc2769a1b78a27578f13a17b -> 
  custom:container-demuxer-webm: 4f35f7cbe854078d1ac9338744f61a02 -> 
  custom:container-demuxer-ogg: 62fdf1f143b41e24485cea50d1cbac27 -> 
  custom:video-encoder-webm-vp8: eb34c28f22e8b96e1ab97ce403110664 -> 
  custom:video-codec-MediaFoundation-h265: 746d11721c4dcdbdad8f713fa42b33f4 -> 
  custom:video-decoder-webm-vp8: 9c59270c3fd7afecdb556c50c9e8de78 -> 
  custom:graphics/normal-map-encoding: 01000000000000000000000000000000 -> 02000000000000000000000000000000
  custom:audio-decoder-ogg-vorbis: bf7c407c2cedff20999df2af8eb42d56 -> 
  custom:audio-encoder-webm-vorbis: bf7c407c2cedff20999df2af8eb42d56 -> 
========================================================================
Received Prepare
Registering precompiled user dll's ...
Registered in 0.002309 seconds.
Begin MonoManager ReloadAssembly
Native extension for WindowsStandalone target not found
Native extension for OSXStandalone target not found
Refreshing native plugins compatible for Editor in 0.38 ms, found 3 plugins.
Preloading 0 native plugins for Editor in 0.00 ms.
Mono: successfully reloaded assembly
- Completed reload, in  0.623 seconds
Domain Reload Profiling:
	ReloadAssembly (623ms)
		BeginReloadAssembly (75ms)
			ExecutionOrderSort (0ms)
			DisableScriptedObjects (3ms)
			BackupInstance (0ms)
			ReleaseScriptingObjects (0ms)
			CreateAndSetChildDomain (27ms)
		EndReloadAssembly (513ms)
			LoadAssemblies (52ms)
			RebuildTransferFunctionScriptingTraits (0ms)
			SetupTypeCache (184ms)
			ReleaseScriptCaches (1ms)
			RebuildScriptCaches (23ms)
			SetupLoadedEditorAssemblies (183ms)
				LogAssemblyErrors (0ms)
				InitializePlatformSupportModulesInManaged (3ms)
				SetLoadedEditorAssemblies (0ms)
				RefreshPlugins (0ms)
				BeforeProcessingInitializeOnLoad (48ms)
				ProcessInitializeOnLoadAttributes (122ms)
				ProcessInitializeOnLoadMethodAttributes (8ms)
				AfterProcessingInitializeOnLoad (2ms)
				EditorAssembliesLoaded (0ms)
			ExecutionOrderSort2 (0ms)
			AwakeInstancesAfterBackupRestoration (5ms)
Platform modules already initialized, skipping
Switching build target platform(19) subTarget(0) extendedPlatform(0) -> platform(13) subTarget(537395200) extendedPlatform(0)
Refreshing native plugins compatible for Editor in 0.36 ms, found 3 plugins.
Preloading 0 native plugins for Editor in 0.00 ms.
Unloading 2208 Unused Serialized files (Serialized files now loaded: 0)
System memory in use before: 99.0 MB.
System memory in use after: 99.1 MB.

Unloading 20 unused Assets to reduce memory usage. Loaded Objects now: 2674.
Total: 2.247000 ms (FindLiveObjects: 0.101800 ms CreateObjectMapping: 0.038100 ms MarkObjects: 2.086600 ms  DeleteObjects: 0.019400 ms)

AssetImportParameters requested are different than current active one (requested -> active):
  custom:framework-win-MediaFoundation: 216162199b28c13a410421893ffa2e32 -> 
  custom:video-decoder-ogg-theora: a1e56fd34408186e4bbccfd4996cb3dc -> 
  custom:container-muxer-webm: aa71ff27fc2769a1b78a27578f13a17b -> 
  custom:container-demuxer-webm: 4f35f7cbe854078d1ac9338744f61a02 -> 
  custom:container-demuxer-ogg: 62fdf1f143b41e24485cea50d1cbac27 -> 
  custom:video-encoder-webm-vp8: eb34c28f22e8b96e1ab97ce403110664 -> 
  custom:video-codec-MediaFoundation-h265: 746d11721c4dcdbdad8f713fa42b33f4 -> 
  custom:video-decoder-webm-vp8: 9c59270c3fd7afecdb556c50c9e8de78 -> 
  custom:graphics/normal-map-encoding: 01000000000000000000000000000000 -> 02000000000000000000000000000000
  custom:audio-decoder-ogg-vorbis: bf7c407c2cedff20999df2af8eb42d56 -> 
  custom:audio-encoder-webm-vorbis: bf7c407c2cedff20999df2af8eb42d56 -> 
========================================================================
Received Prepare
Registering precompiled user dll's ...
Registered in 0.002334 seconds.
Begin MonoManager ReloadAssembly
Native extension for WindowsStandalone target not found
Native extension for OSXStandalone target not found
Refreshing native plugins compatible for Editor in 0.37 ms, found 3 plugins.
Preloading 0 native plugins for Editor in 0.00 ms.
Mono: successfully reloaded assembly
- Completed reload, in  0.596 seconds
Domain Reload Profiling:
	ReloadAssembly (597ms)
		BeginReloadAssembly (71ms)
			ExecutionOrderSort (0ms)
			DisableScriptedObjects (3ms)
			BackupInstance (0ms)
			ReleaseScriptingObjects (0ms)
			CreateAndSetChildDomain (22ms)
		EndReloadAssembly (489ms)
			LoadAssemblies (53ms)
			RebuildTransferFunctionScriptingTraits (0ms)
			SetupTypeCache (165ms)
			ReleaseScriptCaches (1ms)
			RebuildScriptCaches (22ms)
			SetupLoadedEditorAssemblies (180ms)
				LogAssemblyErrors (0ms)
				InitializePlatformSupportModulesInManaged (3ms)
				SetLoadedEditorAssemblies (0ms)
				RefreshPlugins (0ms)
				BeforeProcessingInitializeOnLoad (46ms)
				ProcessInitializeOnLoadAttributes (120ms)
				ProcessInitializeOnLoadMethodAttributes (7ms)
				AfterProcessingInitializeOnLoad (2ms)
				EditorAssembliesLoaded (0ms)
			ExecutionOrderSort2 (0ms)
			AwakeInstancesAfterBackupRestoration (5ms)
Platform modules already initialized, skipping
Switching build target platform(19) subTarget(0) extendedPlatform(0) -> platform(13) subTarget(537395200) extendedPlatform(0)
Refreshing native plugins compatible for Editor in 0.37 ms, found 3 plugins.
Preloading 0 native plugins for Editor in 0.00 ms.
Unloading 2208 Unused Serialized files (Serialized files now loaded: 0)
System memory in use before: 99.0 MB.
System memory in use after: 99.1 MB.

Unloading 20 unused Assets to reduce memory usage. Loaded Objects now: 2676.
Total: 2.408700 ms (FindLiveObjects: 0.104300 ms CreateObjectMapping: 0.034500 ms MarkObjects: 2.252600 ms  DeleteObjects: 0.016300 ms)

AssetImportParameters requested are different than current active one (requested -> active):
  custom:framework-win-MediaFoundation: 216162199b28c13a410421893ffa2e32 -> 
  custom:video-decoder-ogg-theora: a1e56fd34408186e4bbccfd4996cb3dc -> 
  custom:container-muxer-webm: aa71ff27fc2769a1b78a27578f13a17b -> 
  custom:container-demuxer-webm: 4f35f7cbe854078d1ac9338744f61a02 -> 
  custom:container-demuxer-ogg: 62fdf1f143b41e24485cea50d1cbac27 -> 
  custom:video-encoder-webm-vp8: eb34c28f22e8b96e1ab97ce403110664 -> 
  custom:video-codec-MediaFoundation-h265: 746d11721c4dcdbdad8f713fa42b33f4 -> 
  custom:video-decoder-webm-vp8: 9c59270c3fd7afecdb556c50c9e8de78 -> 
  custom:graphics/normal-map-encoding: 01000000000000000000000000000000 -> 02000000000000000000000000000000
  custom:audio-decoder-ogg-vorbis: bf7c407c2cedff20999df2af8eb42d56 -> 
  custom:audio-encoder-webm-vorbis: bf7c407c2cedff20999df2af8eb42d56 -> 
========================================================================
Received Prepare
Registering precompiled user dll's ...
Registered in 0.003518 seconds.
Begin MonoManager ReloadAssembly
Native extension for WindowsStandalone target not found
Native extension for OSXStandalone target not found
Refreshing native plugins compatible for Editor in 0.38 ms, found 3 plugins.
Preloading 0 native plugins for Editor in 0.00 ms.
Mono: successfully reloaded assembly
- Completed reload, in  0.674 seconds
Domain Reload Profiling:
	ReloadAssembly (674ms)
		BeginReloadAssembly (74ms)
			ExecutionOrderSort (0ms)
			DisableScriptedObjects (5ms)
			BackupInstance (0ms)
			ReleaseScriptingObjects (0ms)
			CreateAndSetChildDomain (24ms)
		EndReloadAssembly (560ms)
			LoadAssemblies (64ms)
			RebuildTransferFunctionScriptingTraits (0ms)
			SetupTypeCache (186ms)
			ReleaseScriptCaches (1ms)
			RebuildScriptCaches (26ms)
			SetupLoadedEditorAssemblies (205ms)
				LogAssemblyErrors (0ms)
				InitializePlatformSupportModulesInManaged (3ms)
				SetLoadedEditorAssemblies (0ms)
				RefreshPlugins (0ms)
				BeforeProcessingInitializeOnLoad (52ms)
				ProcessInitializeOnLoadAttributes (137ms)
				ProcessInitializeOnLoadMethodAttributes (9ms)
				AfterProcessingInitializeOnLoad (2ms)
				EditorAssembliesLoaded (0ms)
			ExecutionOrderSort2 (0ms)
			AwakeInstancesAfterBackupRestoration (8ms)
Platform modules already initialized, skipping
Switching build target platform(19) subTarget(0) extendedPlatform(0) -> platform(13) subTarget(537395200) extendedPlatform(0)
Refreshing native plugins compatible for Editor in 0.36 ms, found 3 plugins.
Preloading 0 native plugins for Editor in 0.00 ms.
Unloading 2208 Unused Serialized files (Serialized files now loaded: 0)
System memory in use before: 99.0 MB.
System memory in use after: 99.1 MB.

Unloading 20 unused Assets to reduce memory usage. Loaded Objects now: 2678.
Total: 2.167700 ms (FindLiveObjects: 0.099600 ms CreateObjectMapping: 0.037700 ms MarkObjects: 1.987000 ms  DeleteObjects: 0.042400 ms)

AssetImportParameters requested are different than current active one (requested -> active):
  custom:framework-win-MediaFoundation: 216162199b28c13a410421893ffa2e32 -> 
  custom:video-decoder-ogg-theora: a1e56fd34408186e4bbccfd4996cb3dc -> 
  custom:container-muxer-webm: aa71ff27fc2769a1b78a27578f13a17b -> 
  custom:container-demuxer-webm: 4f35f7cbe854078d1ac9338744f61a02 -> 
  custom:container-demuxer-ogg: 62fdf1f143b41e24485cea50d1cbac27 -> 
  custom:video-encoder-webm-vp8: eb34c28f22e8b96e1ab97ce403110664 -> 
  custom:video-codec-MediaFoundation-h265: 746d11721c4dcdbdad8f713fa42b33f4 -> 
  custom:video-decoder-webm-vp8: 9c59270c3fd7afecdb556c50c9e8de78 -> 
  custom:graphics/normal-map-encoding: 01000000000000000000000000000000 -> 02000000000000000000000000000000
  custom:audio-decoder-ogg-vorbis: bf7c407c2cedff20999df2af8eb42d56 -> 
  custom:audio-encoder-webm-vorbis: bf7c407c2cedff20999df2af8eb42d56 -> 
========================================================================
Received Import Request.
  Time since last request: 1204.479773 seconds.
  path: Assets/Scenes/Menu_Tuto.unity
  artifactKey: Guid(b548b8a4dfd2ad74180eac1e13ab5f4a) Importer(815301076,1909f56bfc062723c751e8b465ee728b)
Start importing Assets/Scenes/Menu_Tuto.unity using Guid(b548b8a4dfd2ad74180eac1e13ab5f4a) Importer(815301076,1909f56bfc062723c751e8b465ee728b)  -> (artifact id: '5798d6764fff26dff23fc35e92ad5c42') in 0.015234 seconds 
  Import took 0.018417 seconds .

========================================================================
Received Import Request.
  Time since last request: 19.855060 seconds.
  path: Assets/Cradle
  artifactKey: Guid(861590d074527744f9d78aad31027fe9) Importer(815301076,1909f56bfc062723c751e8b465ee728b)
Start importing Assets/Cradle using Guid(861590d074527744f9d78aad31027fe9) Importer(815301076,1909f56bfc062723c751e8b465ee728b)  -> (artifact id: '2eeba4ce01a3e7705cceec42a4f625db') in 0.006586 seconds 
  Import took 0.010996 seconds .

========================================================================
Received Prepare
Registering precompiled user dll's ...
Registered in 0.002079 seconds.
Begin MonoManager ReloadAssembly
Native extension for WindowsStandalone target not found
Native extension for OSXStandalone target not found
Refreshing native plugins compatible for Editor in 0.33 ms, found 3 plugins.
Preloading 0 native plugins for Editor in 0.00 ms.
Mono: successfully reloaded assembly
- Completed reload, in  0.607 seconds
Domain Reload Profiling:
	ReloadAssembly (608ms)
		BeginReloadAssembly (67ms)
			ExecutionOrderSort (0ms)
			DisableScriptedObjects (3ms)
			BackupInstance (0ms)
			ReleaseScriptingObjects (0ms)
			CreateAndSetChildDomain (22ms)
		EndReloadAssembly (500ms)
			LoadAssemblies (52ms)
			RebuildTransferFunctionScriptingTraits (0ms)
			SetupTypeCache (181ms)
			ReleaseScriptCaches (1ms)
			RebuildScriptCaches (24ms)
			SetupLoadedEditorAssemblies (172ms)
				LogAssemblyErrors (0ms)
				InitializePlatformSupportModulesInManaged (3ms)
				SetLoadedEditorAssemblies (0ms)
				RefreshPlugins (0ms)
				BeforeProcessingInitializeOnLoad (45ms)
				ProcessInitializeOnLoadAttributes (115ms)
				ProcessInitializeOnLoadMethodAttributes (6ms)
				AfterProcessingInitializeOnLoad (2ms)
				EditorAssembliesLoaded (0ms)
			ExecutionOrderSort2 (0ms)
			AwakeInstancesAfterBackupRestoration (5ms)
Platform modules already initialized, skipping
Switching build target platform(19) subTarget(0) extendedPlatform(0) -> platform(13) subTarget(537395200) extendedPlatform(0)
Refreshing native plugins compatible for Editor in 0.34 ms, found 3 plugins.
Preloading 0 native plugins for Editor in 0.00 ms.
Unloading 2198 Unused Serialized files (Serialized files now loaded: 0)
System memory in use before: 98.7 MB.
System memory in use after: 98.9 MB.

Unloading 25 unused Assets to reduce memory usage. Loaded Objects now: 2672.
Total: 2.106600 ms (FindLiveObjects: 0.101500 ms CreateObjectMapping: 0.035400 ms MarkObjects: 1.949600 ms  DeleteObjects: 0.019200 ms)

AssetImportParameters requested are different than current active one (requested -> active):
  custom:framework-win-MediaFoundation: 216162199b28c13a410421893ffa2e32 -> 
  custom:video-decoder-ogg-theora: a1e56fd34408186e4bbccfd4996cb3dc -> 
  custom:container-muxer-webm: aa71ff27fc2769a1b78a27578f13a17b -> 
  custom:container-demuxer-webm: 4f35f7cbe854078d1ac9338744f61a02 -> 
  custom:container-demuxer-ogg: 62fdf1f143b41e24485cea50d1cbac27 -> 
  custom:video-encoder-webm-vp8: eb34c28f22e8b96e1ab97ce403110664 -> 
  custom:video-codec-MediaFoundation-h265: 746d11721c4dcdbdad8f713fa42b33f4 -> 
  custom:video-decoder-webm-vp8: 9c59270c3fd7afecdb556c50c9e8de78 -> 
  custom:graphics/normal-map-encoding: 01000000000000000000000000000000 -> 02000000000000000000000000000000
  custom:audio-decoder-ogg-vorbis: bf7c407c2cedff20999df2af8eb42d56 -> 
  custom:audio-encoder-webm-vorbis: bf7c407c2cedff20999df2af8eb42d56 -> 
========================================================================
Received Import Request.
  Time since last request: 987.636770 seconds.
  path: Assets/Resurces/Scrips/Gamemanager.cs
  artifactKey: Guid(a7a7517461c92f0418408c0036173630) Importer(815301076,1909f56bfc062723c751e8b465ee728b)
Start importing Assets/Resurces/Scrips/Gamemanager.cs using Guid(a7a7517461c92f0418408c0036173630) Importer(815301076,1909f56bfc062723c751e8b465ee728b)  -> (artifact id: '83e1cd22555eccb270512c565146a91e') in 0.047406 seconds 
  Import took 0.052061 seconds .

========================================================================
Received Import Request.
  Time since last request: 0.008179 seconds.
  path: Assets/Resurces/Scrips/Grado.cs
  artifactKey: Guid(762c5f7a1f1466847aad87b1bfae18d8) Importer(815301076,1909f56bfc062723c751e8b465ee728b)
Start importing Assets/Resurces/Scrips/Grado.cs using Guid(762c5f7a1f1466847aad87b1bfae18d8) Importer(815301076,1909f56bfc062723c751e8b465ee728b)  -> (artifact id: '025ee75177e929f71cf74f4adde9d3f4') in 0.004396 seconds 
  Import took 0.006925 seconds .

========================================================================
Received Import Request.
  Time since last request: 0.009872 seconds.
  path: Assets/Resurces/Scene 3/Menu_Navegacion/botones/botones/boton-mision.png
  artifactKey: Guid(063234d9cd1f93c4e990d90127cfca85) Importer(815301076,1909f56bfc062723c751e8b465ee728b)
Start importing Assets/Resurces/Scene 3/Menu_Navegacion/botones/botones/boton-mision.png using Guid(063234d9cd1f93c4e990d90127cfca85) Importer(815301076,1909f56bfc062723c751e8b465ee728b)  -> (artifact id: '7abbfb702f3993bfb51abc97de4ece43') in 0.040921 seconds 
  Import took 0.043788 seconds .

========================================================================
Received Import Request.
  Time since last request: 0.003610 seconds.
  path: Assets/Resurces/Scene 3/Menu_Navegacion/progreso.png
  artifactKey: Guid(20e5ea243912b8d47b2851bb6c46cf35) Importer(815301076,1909f56bfc062723c751e8b465ee728b)
Start importing Assets/Resurces/Scene 3/Menu_Navegacion/progreso.png using Guid(20e5ea243912b8d47b2851bb6c46cf35) Importer(815301076,1909f56bfc062723c751e8b465ee728b)  -> (artifact id: '43ed46d7fab0e301a82a46a1c80a88e1') in 0.012079 seconds 
  Import took 0.014836 seconds .

========================================================================
Received Import Request.
  Time since last request: 0.007049 seconds.
  path: Assets/Resurces/Scene 3/Menu_Navegacion/botones/botones/boton-mapa.png
  artifactKey: Guid(609b4fe88f577424098605aa06873b07) Importer(815301076,1909f56bfc062723c751e8b465ee728b)
Start importing Assets/Resurces/Scene 3/Menu_Navegacion/botones/botones/boton-mapa.png using Guid(609b4fe88f577424098605aa06873b07) Importer(815301076,1909f56bfc062723c751e8b465ee728b)  -> (artifact id: '52d165a5a39565e5f98e4ca7145e8fa1') in 0.011253 seconds 
  Import took 0.014092 seconds .

========================================================================
Received Import Request.
  Time since last request: 0.012818 seconds.
  path: Assets/Resurces/Scrips/profesion.cs
  artifactKey: Guid(1f4028daf20b6eb48a052015e90d67cf) Importer(815301076,1909f56bfc062723c751e8b465ee728b)
Start importing Assets/Resurces/Scrips/profesion.cs using Guid(1f4028daf20b6eb48a052015e90d67cf) Importer(815301076,1909f56bfc062723c751e8b465ee728b)  -> (artifact id: 'a7c5383035c91eff7a234e975a536f85') in 0.004596 seconds 
  Import took 0.007319 seconds .

========================================================================
Received Import Request.
  Time since last request: 0.013756 seconds.
  path: Assets/Resurces/Scene 3/Menu_Navegacion/Insignias_abierto.png
  artifactKey: Guid(3f8a0f1c1e8f26d4e9f0076e2007e930) Importer(815301076,1909f56bfc062723c751e8b465ee728b)
Start importing Assets/Resurces/Scene 3/Menu_Navegacion/Insignias_abierto.png using Guid(3f8a0f1c1e8f26d4e9f0076e2007e930) Importer(815301076,1909f56bfc062723c751e8b465ee728b)  -> (artifact id: '7c1f6978f7b73343121609ab624bc421') in 0.010258 seconds 
  Import took 0.013051 seconds .

========================================================================
Received Import Request.
  Time since last request: 0.006869 seconds.
  path: Assets/Resurces/Scene 3/Menu_Navegacion/Energia.png
  artifactKey: Guid(eabb6837a999aa240a63224b33a23f91) Importer(815301076,1909f56bfc062723c751e8b465ee728b)
Start importing Assets/Resurces/Scene 3/Menu_Navegacion/Energia.png using Guid(eabb6837a999aa240a63224b33a23f91) Importer(815301076,1909f56bfc062723c751e8b465ee728b)  -> (artifact id: 'b9ba5b8e54cefa9c8e55b296b93863d8') in 0.010838 seconds 
  Import took 0.013657 seconds .

========================================================================
Received Import Request.
  Time since last request: 0.003629 seconds.
  path: Assets/Resurces/Scene 3/Menu_Navegacion/Joystic.png
  artifactKey: Guid(59a504b57c139864084f4575e36231e3) Importer(815301076,1909f56bfc062723c751e8b465ee728b)
Start importing Assets/Resurces/Scene 3/Menu_Navegacion/Joystic.png using Guid(59a504b57c139864084f4575e36231e3) Importer(815301076,1909f56bfc062723c751e8b465ee728b)  -> (artifact id: 'a50c59d54d174ca4fd617b5a46ed7710') in 0.011334 seconds 
  Import took 0.014114 seconds .

========================================================================
Received Import Request.
  Time since last request: 0.019603 seconds.
  path: Assets/Resurces/Scrips/Selec_Nickname.cs
  artifactKey: Guid(30686960f5f39e041a38dd191d65875e) Importer(815301076,1909f56bfc062723c751e8b465ee728b)
Start importing Assets/Resurces/Scrips/Selec_Nickname.cs using Guid(30686960f5f39e041a38dd191d65875e) Importer(815301076,1909f56bfc062723c751e8b465ee728b)  -> (artifact id: '5a60a9e62fcfd8eeb99d0ab50a218c17') in 0.003411 seconds 
  Import took 0.005869 seconds .

========================================================================
Received Import Request.
  Time since last request: 0.006088 seconds.
  path: Assets/Resurces/Scene 3/Menu_Navegacion/Banner.png
  artifactKey: Guid(ac928f23e37232f4e808d9e5ddf2dfca) Importer(815301076,1909f56bfc062723c751e8b465ee728b)
Start importing Assets/Resurces/Scene 3/Menu_Navegacion/Banner.png using Guid(ac928f23e37232f4e808d9e5ddf2dfca) Importer(815301076,1909f56bfc062723c751e8b465ee728b)  -> (artifact id: 'cfe78c791f87448bfb7fa46dfdbad9b6') in 0.053639 seconds 
  Import took 0.056371 seconds .

AssetImportWorkerClient::OnTransportError - code=2 error=End of file
